{
  "0 debug pnpm:scope": {
    "selected": 2,
    "total": 2,
    "workspacePrefix": "/Users/esamatti1/code/findkit-oss"
  },
  "1 debug pnpm:package-manifest": {
    "initial": {
      "name": "@findkit/fetch",
      "version": "2.0.0",
      "description": "minimal fetch for findkit",
      "main": "dist/index.js",
      "scripts": {
        "test": "findkit-tsc && jest && findkit-eslint",
        "prettier-write": "findkit-prettier-write",
        "prettier-check": "findkit-prettier-check",
        "release": "valu-npm-release",
        "prerelease": "valu-npm-prerelease",
        "tsc": "findkit-tsc",
        "turbo-build": "findkit-turbo-build",
        "eslint": "findkit-eslint",
        "jest": "findkit-jest",
        "watch": "tsc -w --noEmit false --project tsconfig.build.json",
        "build": "tsc --noEmit false --project tsconfig.build.json"
      },
      "author": "Valu Digital Oy",
      "license": "ISC",
      "devDependencies": {
        "@findkit/dev": "workspace:*",
        "@findkit/eslint-config": "workspace:^0.0.0",
        "@types/jsonwebtoken": "^8.5.8",
        "@valu/npm-tools": "^1.0.0",
        "eslint": "8.7.0",
        "eslint-plugin-react": "^7.28.0",
        "eslint-plugin-react-hooks": "^4.3.0",
        "jest": "^27.5.1",
        "jsonwebtoken": "^8.5.1",
        "msw": "^0.41.0",
        "node-fetch": "2",
        "prettier": "~2.4.1",
        "typescript": "^4.4.3"
      },
      "volta": {
        "node": "14.19.2"
      }
    },
    "prefix": "/Users/esamatti1/code/findkit-oss/packages/fetch"
  },
  "2 debug pnpm:package-manifest": {
    "initial": {
      "name": "@findkit/novus",
      "version": "0.0.1",
      "description": "Findkit NG UI",
      "main": "npm-dist/lazy.js",
      "typings": "npm-dist/lazy.d.ts",
      "files": [
        "npm-dist",
        "src"
      ],
      "scripts": {
        "dev:js": "jake watch-js",
        "dev:css": "postcss --watch styles/index.css --output tests/build/styles.css",
        "dev:serve": "serve -p 28104 tests",
        "tsc": "tsc",
        "css": "NODE_ENV=production postcss styles/index.css --output cdn-dist/styles.css",
        "build-test-css": "NODE_ENV=production postcss styles/index.css --output tests/build/styles.css",
        "dev": "run-p 'dev:*'"
      },
      "author": "Valu Digital Oy",
      "size-limit": [
        {
          "path": "cdn-dist/modal.js",
          "limit": "20kb"
        },
        {
          "path": "cdn-dist/lazy.js",
          "limit": "1kb"
        }
      ],
      "browserslist": [
        "last 1 chrome version"
      ],
      "alias": {
        "react": "preact/compat",
        "react-dom": "preact/compat"
      },
      "devDependencies": {
        "@findkit/dev": "workspace:*",
        "@findkit/eslint-config": "workspace:^0.0.0",
        "@findkit/fetch": "workspace:*",
        "@microsoft/api-documenter": "^7.19.0",
        "@microsoft/api-extractor": "^7.28.6",
        "@parcel/watcher": "^2.0.5",
        "@playwright/test": "^1.24.2",
        "@size-limit/preset-small-lib": "^7.0.8",
        "@types/node": "^14.18.4",
        "@types/react": "^17.0.38",
        "@types/react-dom": "^17.0.11",
        "@types/react-redux": "^7.1.21",
        "@typescript-eslint/eslint-plugin": "5.10.1",
        "@typescript-eslint/parser": "^5.10.1",
        "@valu/focus-trap": "file:/Users/esamatti1/code/npm-packages/packages/focus-trap/valu-focus-trap-1.0.0-dev2.tgz",
        "@valu/npm-tools": "^1.0.0",
        "esbuild": "^0.14.50",
        "esbuild-plugin-alias": "^0.2.1",
        "htm": "^3.1.1",
        "jake": "10.8.1",
        "npm-run-all": "^4.1.5",
        "parcel": "^2.1.1",
        "postcss": "^8.4.14",
        "postcss-cli": "^9.1.0",
        "postcss-import": "^14.1.0",
        "postcss-import-ext-glob": "^2.0.1",
        "postcss-minify": "^1.1.0",
        "postcss-ts-classnames": "^0.3.0",
        "postcss-variables-prefixer": "^1.2.0",
        "preact": "^10.10.0",
        "prettier": "2.5.1",
        "react": "17.0.2",
        "react-dom": "17.0.2",
        "serve": "^14.0.1",
        "sh-thunk": "^0.3.2",
        "size-limit": "^7.0.8",
        "tabbable": "^5.3.3",
        "tilg": "^0.1.1",
        "typescript": "4.5.5",
        "valtio": "^1.6.3"
      },
      "license": "ISC",
      "volta": {
        "node": "14.19.2"
      }
    },
    "prefix": "/Users/esamatti1/code/findkit-oss/packages/ui"
  },
  "3 debug pnpm:context": {
    "currentLockfileExists": false,
    "storeDir": "/Users/esamatti1/.pnpm-store/v3",
    "virtualStoreDir": "/Users/esamatti1/code/findkit-oss/node_modules/.pnpm"
  },
  "4 debug pnpm:stage": {
    "prefix": "/Users/esamatti1/code/findkit-oss",
    "stage": "resolution_started"
  },
  "5 debug pnpm:_dependency_resolved": {
    "resolution": "link:../fetch",
    "wanted": {
      "dependentId": "packages/ui",
      "name": "@findkit/fetch",
      "rawSpec": "workspace:*"
    }
  },
  "6 error pnpm": {
    "code": "ERR_PNPM_NO_MATCHING_VERSION_INSIDE_WORKSPACE",
    "pkgsStack": [],
    "err": {
      "name": "pnpm",
      "message": "In packages/fetch: No matching version found for @findkit/dev@* inside the workspace",
      "code": "ERR_PNPM_NO_MATCHING_VERSION_INSIDE_WORKSPACE",
      "stack": "pnpm: In packages/fetch: No matching version found for @findkit/dev@* inside the workspace\n    at tryResolveFromWorkspace (/Users/esamatti1/.volta/tools/image/node/14.18.3/pnpm-global/5/node_modules/.pnpm/pnpm@6.32.3/node_modules/pnpm/dist/pnpm.cjs:85994:15)\n    at resolveNpm (/Users/esamatti1/.volta/tools/image/node/14.18.3/pnpm-global/5/node_modules/.pnpm/pnpm@6.32.3/node_modules/pnpm/dist/pnpm.cjs:85885:39)\n    at Object.resolve (/Users/esamatti1/.volta/tools/image/node/14.18.3/pnpm-global/5/node_modules/.pnpm/pnpm@6.32.3/node_modules/pnpm/dist/pnpm.cjs:86117:40)\n    at ctx.requestsQueue.add.priority (/Users/esamatti1/.volta/tools/image/node/14.18.3/pnpm-global/5/node_modules/.pnpm/pnpm@6.32.3/node_modules/pnpm/dist/pnpm.cjs:74471:75)\n    at run (/Users/esamatti1/.volta/tools/image/node/14.18.3/pnpm-global/5/node_modules/.pnpm/pnpm@6.32.3/node_modules/pnpm/dist/pnpm.cjs:74187:90)\n    at PQueue._tryToStartAnother (/Users/esamatti1/.volta/tools/image/node/14.18.3/pnpm-global/5/node_modules/.pnpm/pnpm@6.32.3/node_modules/pnpm/dist/pnpm.cjs:74141:13)\n    at /Users/esamatti1/.volta/tools/image/node/14.18.3/pnpm-global/5/node_modules/.pnpm/pnpm@6.32.3/node_modules/pnpm/dist/pnpm.cjs:74200:16\n    at new Promise (<anonymous>)\n    at PQueue.add (/Users/esamatti1/.volta/tools/image/node/14.18.3/pnpm-global/5/node_modules/.pnpm/pnpm@6.32.3/node_modules/pnpm/dist/pnpm.cjs:74182:16)\n    at resolveAndFetch (/Users/esamatti1/.volta/tools/image/node/14.18.3/pnpm-global/5/node_modules/.pnpm/pnpm@6.32.3/node_modules/pnpm/dist/pnpm.cjs:74471:55)"
    }
  }
}